2018-05-22 16:18:39 [scrapy.utils.log] INFO: Scrapy 1.5.0 started (bot: ARGUS)
2018-05-22 16:18:39 [scrapy.utils.log] INFO: Versions: lxml 4.1.1.0, libxml2 2.9.7, cssselect 1.0.3, parsel 1.4.0, w3lib 1.19.0, Twisted 17.9.0, Python 3.6.4 |Anaconda, Inc.| (default, Jan 16 2018, 10:22:32) [MSC v.1900 64 bit (AMD64)], pyOpenSSL 17.5.0 (OpenSSL 1.0.2n  7 Dec 2017), cryptography 2.1.4, Platform Windows-7-6.1.7601-SP1
2018-05-22 16:18:39 [scrapy.crawler] INFO: Overridden settings: {'AJAXCRAWL_ENABLED': True, 'BOT_NAME': 'ARGUS', 'CONCURRENT_ITEMS': 200, 'CONCURRENT_REQUESTS': 100, 'COOKIES_ENABLED': False, 'DOWNLOAD_MAXSIZE': 10000000, 'FEED_URI': 'file:///I:/%21Projekte/BMBF_TOBI_131308/01_Arbeitspakete/01_Webscraper/Webscraper/crawler/ARGUS/items/ARGUS/textspider/00dc821e5dcb11e8bfc95459596fa410.jl', 'LOG_FILE': 'logs\\ARGUS\\textspider\\00dc821e5dcb11e8bfc95459596fa410.log', 'LOG_LEVEL': 'INFO', 'NEWSPIDER_MODULE': 'ARGUS.spiders', 'REACTOR_THREADPOOL_MAXSIZE': 30, 'RETRY_ENABLED': False, 'SPIDER_MODULES': ['ARGUS.spiders']}
2018-05-22 16:18:39 [py.warnings] WARNING: c:\programdata\anaconda3\lib\site-packages\scrapy\utils\deprecate.py:156: ScrapyDeprecationWarning: `scrapy.contrib.feedexport.FeedExporter` class is deprecated, use `scrapy.extensions.feedexport.FeedExporter` instead
  ScrapyDeprecationWarning)

2018-05-22 16:18:39 [scrapy.middleware] INFO: Enabled extensions:
['scrapy.extensions.corestats.CoreStats',
 'scrapy.extensions.telnet.TelnetConsole',
 'scrapy.extensions.logstats.LogStats']
2018-05-22 16:18:39 [twisted] CRITICAL: Unhandled error in Deferred:
2018-05-22 16:18:39 [twisted] CRITICAL: 
Traceback (most recent call last):
  File "c:\programdata\anaconda3\lib\configparser.py", line 1138, in _unify_values
    sectiondict = self._sections[section]
KeyError: 'input-data'

During handling of the above exception, another exception occurred:

Traceback (most recent call last):
  File "c:\programdata\anaconda3\lib\site-packages\twisted\internet\defer.py", line 1386, in _inlineCallbacks
    result = g.send(result)
  File "c:\programdata\anaconda3\lib\site-packages\scrapy\crawler.py", line 79, in crawl
    self.spider = self._create_spider(*args, **kwargs)
  File "c:\programdata\anaconda3\lib\site-packages\scrapy\crawler.py", line 102, in _create_spider
    return self.spidercls.from_crawler(self, *args, **kwargs)
  File "c:\programdata\anaconda3\lib\site-packages\scrapy\spiders\__init__.py", line 51, in from_crawler
    spider = cls(*args, **kwargs)
  File "I:\!Projekte\BMBF_TOBI_131308\01_Arbeitspakete\01_Webscraper\Webscraper\crawler\ARGUS\ARGUS\spiders\textspider.py", line 37, in __init__
    self.allowed_domains, self.start_urls, self.IDs = helper_functions.ImportURLs(URLs)
  File "I:\!Projekte\BMBF_TOBI_131308\01_Arbeitspakete\01_Webscraper\Webscraper\crawler\ARGUS\ARGUS\spiders\helper_functions.py", line 18, in ImportURLs
    allowed_domains = [url.split("www.")[-1].lower() for url in list(data[config.get('input-data', 'delimiter')])]
  File "c:\programdata\anaconda3\lib\configparser.py", line 781, in get
    d = self._unify_values(section, vars)
  File "c:\programdata\anaconda3\lib\configparser.py", line 1141, in _unify_values
    raise NoSectionError(section)
configparser.NoSectionError: No section: 'input-data'
