2018-05-23 10:19:36 [scrapy.utils.log] INFO: Scrapy 1.5.0 started (bot: ARGUS)
2018-05-23 10:19:36 [scrapy.utils.log] INFO: Versions: lxml 4.1.1.0, libxml2 2.9.7, cssselect 1.0.3, parsel 1.4.0, w3lib 1.19.0, Twisted 17.9.0, Python 3.6.4 |Anaconda, Inc.| (default, Jan 16 2018, 10:22:32) [MSC v.1900 64 bit (AMD64)], pyOpenSSL 17.5.0 (OpenSSL 1.0.2n  7 Dec 2017), cryptography 2.1.4, Platform Windows-7-6.1.7601-SP1
2018-05-23 10:19:36 [scrapy.crawler] INFO: Overridden settings: {'AJAXCRAWL_ENABLED': True, 'BOT_NAME': 'ARGUS', 'CONCURRENT_ITEMS': 200, 'CONCURRENT_REQUESTS': 100, 'COOKIES_ENABLED': False, 'DOWNLOAD_MAXSIZE': 10000000, 'FEED_URI': 'file:///I:/%21Projekte/BMBF_TOBI_131308/01_Arbeitspakete/01_Webscraper/Webscraper/crawler/ARGUS/items/ARGUS/textspider/058ec3b05e6211e8b9f85459596fa410.jl', 'LOG_FILE': 'logs\\ARGUS\\textspider\\058ec3b05e6211e8b9f85459596fa410.log', 'LOG_LEVEL': 'INFO', 'NEWSPIDER_MODULE': 'ARGUS.spiders', 'REACTOR_THREADPOOL_MAXSIZE': 30, 'RETRY_ENABLED': False, 'SPIDER_MODULES': ['ARGUS.spiders']}
2018-05-23 10:19:37 [py.warnings] WARNING: c:\programdata\anaconda3\lib\site-packages\scrapy\utils\deprecate.py:156: ScrapyDeprecationWarning: `scrapy.contrib.feedexport.FeedExporter` class is deprecated, use `scrapy.extensions.feedexport.FeedExporter` instead
  ScrapyDeprecationWarning)

2018-05-23 10:19:37 [scrapy.middleware] INFO: Enabled extensions:
['scrapy.extensions.corestats.CoreStats',
 'scrapy.extensions.telnet.TelnetConsole',
 'scrapy.extensions.logstats.LogStats']
2018-05-23 10:19:37 [scrapy.middleware] INFO: Enabled downloader middlewares:
['scrapy.downloadermiddlewares.httpauth.HttpAuthMiddleware',
 'scrapy.downloadermiddlewares.downloadtimeout.DownloadTimeoutMiddleware',
 'scrapy.downloadermiddlewares.defaultheaders.DefaultHeadersMiddleware',
 'scrapy_fake_useragent.middleware.RandomUserAgentMiddleware',
 'scrapy.downloadermiddlewares.ajaxcrawl.AjaxCrawlMiddleware',
 'scrapy.downloadermiddlewares.redirect.MetaRefreshMiddleware',
 'scrapy.downloadermiddlewares.httpcompression.HttpCompressionMiddleware',
 'scrapy.downloadermiddlewares.redirect.RedirectMiddleware',
 'scrapy.downloadermiddlewares.httpproxy.HttpProxyMiddleware',
 'scrapy.downloadermiddlewares.stats.DownloaderStats']
2018-05-23 10:19:37 [scrapy.middleware] INFO: Enabled spider middlewares:
['scrapy.spidermiddlewares.httperror.HttpErrorMiddleware',
 'scrapy.spidermiddlewares.offsite.OffsiteMiddleware',
 'scrapy.spidermiddlewares.referer.RefererMiddleware',
 'scrapy.spidermiddlewares.urllength.UrlLengthMiddleware',
 'scrapy.spidermiddlewares.depth.DepthMiddleware']
2018-05-23 10:19:37 [scrapy.middleware] INFO: Enabled item pipelines:
['ARGUS.pipelines.TextPipeline']
2018-05-23 10:19:37 [scrapy.core.engine] INFO: Spider opened
2018-05-23 10:19:37 [scrapy.core.engine] INFO: Closing spider (shutdown)
2018-05-23 10:19:37 [scrapy.core.engine] ERROR: Scraper close failure
Traceback (most recent call last):
  File "c:\programdata\anaconda3\lib\site-packages\scrapy\crawler.py", line 82, in crawl
    yield self.engine.open_spider(self.spider, start_requests)
AttributeError: 'TextspiderSpider' object has no attribute 'url_chunk'

During handling of the above exception, another exception occurred:

Traceback (most recent call last):
  File "c:\programdata\anaconda3\lib\site-packages\twisted\internet\defer.py", line 653, in _runCallbacks
    current.result = callback(current.result, *args, **kw)
  File "I:\!Projekte\BMBF_TOBI_131308\01_Arbeitspakete\01_Webscraper\Webscraper\crawler\ARGUS\ARGUS\pipelines.py", line 29, in close_spider
    self.exporter.finish_exporting()
AttributeError: 'TextPipeline' object has no attribute 'exporter'
2018-05-23 10:19:37 [scrapy.statscollectors] INFO: Dumping Scrapy stats:
{'finish_reason': 'shutdown',
 'finish_time': datetime.datetime(2018, 5, 23, 8, 19, 37, 343836),
 'log_count/ERROR': 1,
 'log_count/INFO': 6,
 'log_count/WARNING': 1}
2018-05-23 10:19:37 [scrapy.core.engine] INFO: Spider closed (shutdown)
2018-05-23 10:19:37 [twisted] CRITICAL: Unhandled error in Deferred:
2018-05-23 10:19:37 [twisted] CRITICAL: 
Traceback (most recent call last):
  File "c:\programdata\anaconda3\lib\site-packages\twisted\internet\defer.py", line 1386, in _inlineCallbacks
    result = g.send(result)
  File "c:\programdata\anaconda3\lib\site-packages\scrapy\crawler.py", line 82, in crawl
    yield self.engine.open_spider(self.spider, start_requests)
AttributeError: 'TextspiderSpider' object has no attribute 'url_chunk'
